<?xml version="1.0" encoding="UTF-8" standalone="yes"?>
<!DOCTYPE report PUBLIC "-//JACOCO//DTD Report 1.0//EN" "report.dtd">
<report name="coverage-test">
	<sessioninfo id="799b0e5e" start="1370719539804" dump="1370719540152" />
	<package name="org/eluder/coverage/test">
		<class name="org/eluder/coverage/test/CoverageTest">
			<method name="&lt;init&gt;" desc="()V" line="3">
				<counter type="INSTRUCTION" missed="0" covered="3" />
				<counter type="LINE" missed="0" covered="1" />
				<counter type="COMPLEXITY" missed="0" covered="1" />
				<counter type="METHOD" missed="0" covered="1" />
			</method>
			<method name="isTested" desc="()Z" line="6">
				<counter type="INSTRUCTION" missed="0" covered="2" />
				<counter type="LINE" missed="0" covered="1" />
				<counter type="COMPLEXITY" missed="0" covered="1" />
				<counter type="METHOD" missed="0" covered="1" />
			</method>
			<method name="neverRun" desc="()V" line="10">
				<counter type="INSTRUCTION" missed="4" covered="0" />
				<counter type="LINE" missed="2" covered="0" />
				<counter type="COMPLEXITY" missed="1" covered="0" />
				<counter type="METHOD" missed="1" covered="0" />
			</method>
			<counter type="INSTRUCTION" missed="4" covered="5" />
			<counter type="LINE" missed="2" covered="2" />
			<counter type="COMPLEXITY" missed="1" covered="2" />
			<counter type="METHOD" missed="1" covered="2" />
			<counter type="CLASS" missed="0" covered="1" />
		</class>
		<sourcefile name="CoverageTest.java">
			<line nr="3" mi="0" ci="3" mb="0" cb="0" />
			<line nr="6" mi="0" ci="2" mb="0" cb="0" />
			<line nr="10" mi="3" ci="0" mb="0" cb="0" />
			<line nr="11" mi="1" ci="0" mb="0" cb="0" />
			<counter type="INSTRUCTION" missed="4" covered="5" />
			<counter type="LINE" missed="2" covered="2" />
			<counter type="COMPLEXITY" missed="1" covered="2" />
			<counter type="METHOD" missed="1" covered="2" />
			<counter type="CLASS" missed="0" covered="1" />
		</sourcefile>
		<counter type="INSTRUCTION" missed="4" covered="5" />
		<counter type="LINE" missed="2" covered="2" />
		<counter type="COMPLEXITY" missed="1" covered="2" />
		<counter type="METHOD" missed="1" covered="2" />
		<counter type="CLASS" missed="0" covered="1" />
	</package>
	<counter type="INSTRUCTION" missed="4" covered="5" />
	<counter type="LINE" missed="2" covered="2" />
	<counter type="COMPLEXITY" missed="1" covered="2" />
	<counter type="METHOD" missed="1" covered="2" />
	<counter type="CLASS" missed="0" covered="1" />
</report>